Terminals unused in grammar

   EQUAL
   END
   UMINUS


Grammar

    0 $accept: program $end

    1 program: functions

    2 functions: %empty
    3          | function functions

    4 function: FUNCTION IDENT SEMICOLON BEGIN_PARAMS declarations END_PARAMS BEGIN_LOCALS declarations END_LOCALS BEGIN_BODY statements END_BODY
    5         | error IDENT SEMICOLON BEGIN_PARAMS declarations END_PARAMS BEGIN_LOCALS declarations END_LOCALS BEGIN_BODY statements END_BODY
    6         | FUNCTION error SEMICOLON BEGIN_PARAMS declarations END_PARAMS BEGIN_LOCALS declarations END_LOCALS BEGIN_BODY statements END_BODY
    7         | FUNCTION IDENT error BEGIN_PARAMS declarations END_PARAMS BEGIN_LOCALS declarations END_LOCALS BEGIN_BODY statements END_BODY
    8         | FUNCTION IDENT SEMICOLON error declarations END_PARAMS BEGIN_LOCALS declarations END_LOCALS BEGIN_BODY statements END_BODY
    9         | FUNCTION IDENT SEMICOLON BEGIN_PARAMS declarations error BEGIN_LOCALS declarations END_LOCALS BEGIN_BODY statements END_BODY
   10         | FUNCTION IDENT SEMICOLON BEGIN_PARAMS declarations END_PARAMS error declarations END_LOCALS BEGIN_BODY statements END_BODY
   11         | FUNCTION IDENT SEMICOLON BEGIN_PARAMS declarations END_PARAMS BEGIN_LOCALS declarations error BEGIN_BODY statements END_BODY
   12         | FUNCTION IDENT SEMICOLON BEGIN_PARAMS declarations END_PARAMS BEGIN_LOCALS declarations END_LOCALS error statements END_BODY
   13         | FUNCTION IDENT SEMICOLON BEGIN_PARAMS declarations END_PARAMS BEGIN_LOCALS declarations END_LOCALS BEGIN_BODY error END_BODY
   14         | FUNCTION IDENT SEMICOLON BEGIN_PARAMS declarations END_PARAMS BEGIN_LOCALS declarations END_LOCALS BEGIN_BODY statements error

   15 declarations: %empty
   16             | declaration SEMICOLON declarations

   17 declaration: ident COLON INTEGER
   18            | ident COLON ARRAY L_SQUARE_BRACKET NUMBER R_SQUARE_BRACKET OF INTEGER
   19            | ident COLON ARRAY L_SQUARE_BRACKET NUMBER R_SQUARE_BRACKET L_SQUARE_BRACKET NUMBER R_SQUARE_BRACKET OF INTEGER

   20 ident: IDENT
   21      | IDENT COMMA ident

   22 statements: statement SEMICOLON
   23           | statement SEMICOLON statements

   24 statement: var ASSIGN expressions
   25          | IF bool_expression THEN statements ENDIF
   26          | IF bool_expression THEN statements ELSE statements ENDIF
   27          | WHILE bool_expression BEGINLOOP statements ENDLOOP
   28          | DO BEGINLOOP statements ENDLOOP WHILE bool_expression
   29          | FOR vars ASSIGN NUMBER SEMICOLON bool_expression SEMICOLON vars ASSIGN expressions BEGINLOOP statements ENDLOOP
   30          | READ vars
   31          | WRITE vars
   32          | CONTINUE
   33          | RETURN expressions

   34 bool_expression: relation_and_expression
   35                | relation_and_expression OR relation_and_expression

   36 relation_and_expression: relation_expression
   37                        | relation_expression AND relation_expression

   38 relation_expression: NOT expressions comp expressions
   39                    | NOT TRUE
   40                    | NOT FALSE
   41                    | NOT L_PAREN bool_expression R_PAREN
   42                    | expressions comp expressions
   43                    | TRUE
   44                    | FALSE
   45                    | L_PAREN bool_expression R_PAREN

   46 comp: EQ
   47     | NEQ
   48     | LT
   49     | GT
   50     | GTE
   51     | LTE

   52 var: IDENT
   53    | IDENT L_SQUARE_BRACKET expression R_SQUARE_BRACKET
   54    | IDENT L_SQUARE_BRACKET expression R_SQUARE_BRACKET L_SQUARE_BRACKET expression R_SQUARE_BRACKET

   55 vars: var
   56     | var COMMA vars

   57 expression: multiplicative_expression
   58           | multiplicative_expression PLUS multiplicative_expression
   59           | multiplicative_expression MINUS multiplicative_expression

   60 expressions: expression

   61 multiplicative_expression: term
   62                          | term MULT term
   63                          | term DIV term
   64                          | term PER term

   65 term: ident L_PAREN expressions R_PAREN
   66     | var
   67     | NUMBER
   68     | L_PAREN expressions R_PAREN
   69     | MINUS var
   70     | MINUS NUMBER
   71     | MINUS L_PAREN expressions R_PAREN


Terminals, with rules where they appear

$end (0) 0
error (256) 5 6 7 8 9 10 11 12 13 14
FUNCTION (258) 4 6 7 8 9 10 11 12 13 14
SEMICOLON (259) 4 5 6 8 9 10 11 12 13 14 16 22 23 29
COMMA (260) 21 56
COLON (261) 17 18 19
READ (262) 30
WRITE (263) 31
MULT (264) 62
DIV (265) 63
PLUS (266) 58
MINUS (267) 59 69 70 71
EQUAL (268)
PER (269) 64
END (270)
FOR (271) 29
CONTINUE (272) 32
L_SQUARE_BRACKET (273) 18 19 53 54
R_SQUARE_BRACKET (274) 18 19 53 54
L_PAREN (275) 41 45 65 68 71
R_PAREN (276) 41 45 65 68 71
BEGIN_PARAMS (277) 4 5 6 7 9 10 11 12 13 14
END_PARAMS (278) 4 5 6 7 8 10 11 12 13 14
BEGINLOOP (279) 27 28 29
ENDLOOP (280) 27 28 29
BEGIN_LOCALS (281) 4 5 6 7 8 9 11 12 13 14
END_LOCALS (282) 4 5 6 7 8 9 10 12 13 14
BEGIN_BODY (283) 4 5 6 7 8 9 10 11 13 14
END_BODY (284) 4 5 6 7 8 9 10 11 12 13
INTEGER (285) 17 18 19
ARRAY (286) 18 19
OF (287) 18 19
ENDIF (288) 25 26
ELSE (289) 26
IF (290) 25 26
THEN (291) 25 26
WHILE (292) 27 28
DO (293) 28
EQ (294) 46
NEQ (295) 47
LT (296) 48
GT (297) 49
GTE (298) 50
LTE (299) 51
AND (300) 37
OR (301) 35
NOT (302) 38 39 40 41
TRUE (303) 39 43
FALSE (304) 40 44
RETURN (305) 33
ASSIGN (306) 24 29
IDENT (307) 4 5 7 8 9 10 11 12 13 14 20 21 52 53 54
NUMBER (308) 18 19 29 67 70
UMINUS (309)


Nonterminals, with rules where they appear

$accept (55)
    on left: 0
program (56)
    on left: 1, on right: 0
functions (57)
    on left: 2 3, on right: 1 3
function (58)
    on left: 4 5 6 7 8 9 10 11 12 13 14, on right: 3
declarations (59)
    on left: 15 16, on right: 4 5 6 7 8 9 10 11 12 13 14 16
declaration (60)
    on left: 17 18 19, on right: 16
ident (61)
    on left: 20 21, on right: 17 18 19 21 65
statements (62)
    on left: 22 23, on right: 4 5 6 7 8 9 10 11 12 14 23 25 26 27 28
    29
statement (63)
    on left: 24 25 26 27 28 29 30 31 32 33, on right: 22 23
bool_expression (64)
    on left: 34 35, on right: 25 26 27 28 29 41 45
relation_and_expression (65)
    on left: 36 37, on right: 34 35
relation_expression (66)
    on left: 38 39 40 41 42 43 44 45, on right: 36 37
comp (67)
    on left: 46 47 48 49 50 51, on right: 38 42
var (68)
    on left: 52 53 54, on right: 24 55 56 66 69
vars (69)
    on left: 55 56, on right: 29 30 31 56
expression (70)
    on left: 57 58 59, on right: 53 54 60
expressions (71)
    on left: 60, on right: 24 29 33 38 42 65 68 71
multiplicative_expression (72)
    on left: 61 62 63 64, on right: 57 58 59
term (73)
    on left: 65 66 67 68 69 70 71, on right: 61 62 63 64


State 0

    0 $accept: . program $end

    error     shift, and go to state 1
    FUNCTION  shift, and go to state 2

    $end  reduce using rule 2 (functions)

    program    go to state 3
    functions  go to state 4
    function   go to state 5


State 1

    5 function: error . IDENT SEMICOLON BEGIN_PARAMS declarations END_PARAMS BEGIN_LOCALS declarations END_LOCALS BEGIN_BODY statements END_BODY

    IDENT  shift, and go to state 6


State 2

    4 function: FUNCTION . IDENT SEMICOLON BEGIN_PARAMS declarations END_PARAMS BEGIN_LOCALS declarations END_LOCALS BEGIN_BODY statements END_BODY
    6         | FUNCTION . error SEMICOLON BEGIN_PARAMS declarations END_PARAMS BEGIN_LOCALS declarations END_LOCALS BEGIN_BODY statements END_BODY
    7         | FUNCTION . IDENT error BEGIN_PARAMS declarations END_PARAMS BEGIN_LOCALS declarations END_LOCALS BEGIN_BODY statements END_BODY
    8         | FUNCTION . IDENT SEMICOLON error declarations END_PARAMS BEGIN_LOCALS declarations END_LOCALS BEGIN_BODY statements END_BODY
    9         | FUNCTION . IDENT SEMICOLON BEGIN_PARAMS declarations error BEGIN_LOCALS declarations END_LOCALS BEGIN_BODY statements END_BODY
   10         | FUNCTION . IDENT SEMICOLON BEGIN_PARAMS declarations END_PARAMS error declarations END_LOCALS BEGIN_BODY statements END_BODY
   11         | FUNCTION . IDENT SEMICOLON BEGIN_PARAMS declarations END_PARAMS BEGIN_LOCALS declarations error BEGIN_BODY statements END_BODY
   12         | FUNCTION . IDENT SEMICOLON BEGIN_PARAMS declarations END_PARAMS BEGIN_LOCALS declarations END_LOCALS error statements END_BODY
   13         | FUNCTION . IDENT SEMICOLON BEGIN_PARAMS declarations END_PARAMS BEGIN_LOCALS declarations END_LOCALS BEGIN_BODY error END_BODY
   14         | FUNCTION . IDENT SEMICOLON BEGIN_PARAMS declarations END_PARAMS BEGIN_LOCALS declarations END_LOCALS BEGIN_BODY statements error

    error  shift, and go to state 7
    IDENT  shift, and go to state 8


State 3

    0 $accept: program . $end

    $end  shift, and go to state 9


State 4

    1 program: functions .

    $default  reduce using rule 1 (program)


State 5

    3 functions: function . functions

    error     shift, and go to state 1
    FUNCTION  shift, and go to state 2

    $end  reduce using rule 2 (functions)

    functions  go to state 10
    function   go to state 5


State 6

    5 function: error IDENT . SEMICOLON BEGIN_PARAMS declarations END_PARAMS BEGIN_LOCALS declarations END_LOCALS BEGIN_BODY statements END_BODY

    SEMICOLON  shift, and go to state 11


State 7

    6 function: FUNCTION error . SEMICOLON BEGIN_PARAMS declarations END_PARAMS BEGIN_LOCALS declarations END_LOCALS BEGIN_BODY statements END_BODY

    SEMICOLON  shift, and go to state 12


State 8

    4 function: FUNCTION IDENT . SEMICOLON BEGIN_PARAMS declarations END_PARAMS BEGIN_LOCALS declarations END_LOCALS BEGIN_BODY statements END_BODY
    7         | FUNCTION IDENT . error BEGIN_PARAMS declarations END_PARAMS BEGIN_LOCALS declarations END_LOCALS BEGIN_BODY statements END_BODY
    8         | FUNCTION IDENT . SEMICOLON error declarations END_PARAMS BEGIN_LOCALS declarations END_LOCALS BEGIN_BODY statements END_BODY
    9         | FUNCTION IDENT . SEMICOLON BEGIN_PARAMS declarations error BEGIN_LOCALS declarations END_LOCALS BEGIN_BODY statements END_BODY
   10         | FUNCTION IDENT . SEMICOLON BEGIN_PARAMS declarations END_PARAMS error declarations END_LOCALS BEGIN_BODY statements END_BODY
   11         | FUNCTION IDENT . SEMICOLON BEGIN_PARAMS declarations END_PARAMS BEGIN_LOCALS declarations error BEGIN_BODY statements END_BODY
   12         | FUNCTION IDENT . SEMICOLON BEGIN_PARAMS declarations END_PARAMS BEGIN_LOCALS declarations END_LOCALS error statements END_BODY
   13         | FUNCTION IDENT . SEMICOLON BEGIN_PARAMS declarations END_PARAMS BEGIN_LOCALS declarations END_LOCALS BEGIN_BODY error END_BODY
   14         | FUNCTION IDENT . SEMICOLON BEGIN_PARAMS declarations END_PARAMS BEGIN_LOCALS declarations END_LOCALS BEGIN_BODY statements error

    error      shift, and go to state 13
    SEMICOLON  shift, and go to state 14


State 9

    0 $accept: program $end .

    $default  accept


State 10

    3 functions: function functions .

    $default  reduce using rule 3 (functions)


State 11

    5 function: error IDENT SEMICOLON . BEGIN_PARAMS declarations END_PARAMS BEGIN_LOCALS declarations END_LOCALS BEGIN_BODY statements END_BODY

    BEGIN_PARAMS  shift, and go to state 15


State 12

    6 function: FUNCTION error SEMICOLON . BEGIN_PARAMS declarations END_PARAMS BEGIN_LOCALS declarations END_LOCALS BEGIN_BODY statements END_BODY

    BEGIN_PARAMS  shift, and go to state 16


State 13

    7 function: FUNCTION IDENT error . BEGIN_PARAMS declarations END_PARAMS BEGIN_LOCALS declarations END_LOCALS BEGIN_BODY statements END_BODY

    BEGIN_PARAMS  shift, and go to state 17


State 14

    4 function: FUNCTION IDENT SEMICOLON . BEGIN_PARAMS declarations END_PARAMS BEGIN_LOCALS declarations END_LOCALS BEGIN_BODY statements END_BODY
    8         | FUNCTION IDENT SEMICOLON . error declarations END_PARAMS BEGIN_LOCALS declarations END_LOCALS BEGIN_BODY statements END_BODY
    9         | FUNCTION IDENT SEMICOLON . BEGIN_PARAMS declarations error BEGIN_LOCALS declarations END_LOCALS BEGIN_BODY statements END_BODY
   10         | FUNCTION IDENT SEMICOLON . BEGIN_PARAMS declarations END_PARAMS error declarations END_LOCALS BEGIN_BODY statements END_BODY
   11         | FUNCTION IDENT SEMICOLON . BEGIN_PARAMS declarations END_PARAMS BEGIN_LOCALS declarations error BEGIN_BODY statements END_BODY
   12         | FUNCTION IDENT SEMICOLON . BEGIN_PARAMS declarations END_PARAMS BEGIN_LOCALS declarations END_LOCALS error statements END_BODY
   13         | FUNCTION IDENT SEMICOLON . BEGIN_PARAMS declarations END_PARAMS BEGIN_LOCALS declarations END_LOCALS BEGIN_BODY error END_BODY
   14         | FUNCTION IDENT SEMICOLON . BEGIN_PARAMS declarations END_PARAMS BEGIN_LOCALS declarations END_LOCALS BEGIN_BODY statements error

    error         shift, and go to state 18
    BEGIN_PARAMS  shift, and go to state 19


State 15

    5 function: error IDENT SEMICOLON BEGIN_PARAMS . declarations END_PARAMS BEGIN_LOCALS declarations END_LOCALS BEGIN_BODY statements END_BODY

    IDENT  shift, and go to state 20

    $default  reduce using rule 15 (declarations)

    declarations  go to state 21
    declaration   go to state 22
    ident         go to state 23


State 16

    6 function: FUNCTION error SEMICOLON BEGIN_PARAMS . declarations END_PARAMS BEGIN_LOCALS declarations END_LOCALS BEGIN_BODY statements END_BODY

    IDENT  shift, and go to state 20

    $default  reduce using rule 15 (declarations)

    declarations  go to state 24
    declaration   go to state 22
    ident         go to state 23


State 17

    7 function: FUNCTION IDENT error BEGIN_PARAMS . declarations END_PARAMS BEGIN_LOCALS declarations END_LOCALS BEGIN_BODY statements END_BODY

    IDENT  shift, and go to state 20

    $default  reduce using rule 15 (declarations)

    declarations  go to state 25
    declaration   go to state 22
    ident         go to state 23


State 18

    8 function: FUNCTION IDENT SEMICOLON error . declarations END_PARAMS BEGIN_LOCALS declarations END_LOCALS BEGIN_BODY statements END_BODY

    IDENT  shift, and go to state 20

    $default  reduce using rule 15 (declarations)

    declarations  go to state 26
    declaration   go to state 22
    ident         go to state 23


State 19

    4 function: FUNCTION IDENT SEMICOLON BEGIN_PARAMS . declarations END_PARAMS BEGIN_LOCALS declarations END_LOCALS BEGIN_BODY statements END_BODY
    9         | FUNCTION IDENT SEMICOLON BEGIN_PARAMS . declarations error BEGIN_LOCALS declarations END_LOCALS BEGIN_BODY statements END_BODY
   10         | FUNCTION IDENT SEMICOLON BEGIN_PARAMS . declarations END_PARAMS error declarations END_LOCALS BEGIN_BODY statements END_BODY
   11         | FUNCTION IDENT SEMICOLON BEGIN_PARAMS . declarations END_PARAMS BEGIN_LOCALS declarations error BEGIN_BODY statements END_BODY
   12         | FUNCTION IDENT SEMICOLON BEGIN_PARAMS . declarations END_PARAMS BEGIN_LOCALS declarations END_LOCALS error statements END_BODY
   13         | FUNCTION IDENT SEMICOLON BEGIN_PARAMS . declarations END_PARAMS BEGIN_LOCALS declarations END_LOCALS BEGIN_BODY error END_BODY
   14         | FUNCTION IDENT SEMICOLON BEGIN_PARAMS . declarations END_PARAMS BEGIN_LOCALS declarations END_LOCALS BEGIN_BODY statements error

    IDENT  shift, and go to state 20

    $default  reduce using rule 15 (declarations)

    declarations  go to state 27
    declaration   go to state 22
    ident         go to state 23


State 20

   20 ident: IDENT .
   21      | IDENT . COMMA ident

    COMMA  shift, and go to state 28

    $default  reduce using rule 20 (ident)


State 21

    5 function: error IDENT SEMICOLON BEGIN_PARAMS declarations . END_PARAMS BEGIN_LOCALS declarations END_LOCALS BEGIN_BODY statements END_BODY

    END_PARAMS  shift, and go to state 29


State 22

   16 declarations: declaration . SEMICOLON declarations

    SEMICOLON  shift, and go to state 30


State 23

   17 declaration: ident . COLON INTEGER
   18            | ident . COLON ARRAY L_SQUARE_BRACKET NUMBER R_SQUARE_BRACKET OF INTEGER
   19            | ident . COLON ARRAY L_SQUARE_BRACKET NUMBER R_SQUARE_BRACKET L_SQUARE_BRACKET NUMBER R_SQUARE_BRACKET OF INTEGER

    COLON  shift, and go to state 31


State 24

    6 function: FUNCTION error SEMICOLON BEGIN_PARAMS declarations . END_PARAMS BEGIN_LOCALS declarations END_LOCALS BEGIN_BODY statements END_BODY

    END_PARAMS  shift, and go to state 32


State 25

    7 function: FUNCTION IDENT error BEGIN_PARAMS declarations . END_PARAMS BEGIN_LOCALS declarations END_LOCALS BEGIN_BODY statements END_BODY

    END_PARAMS  shift, and go to state 33


State 26

    8 function: FUNCTION IDENT SEMICOLON error declarations . END_PARAMS BEGIN_LOCALS declarations END_LOCALS BEGIN_BODY statements END_BODY

    END_PARAMS  shift, and go to state 34


State 27

    4 function: FUNCTION IDENT SEMICOLON BEGIN_PARAMS declarations . END_PARAMS BEGIN_LOCALS declarations END_LOCALS BEGIN_BODY statements END_BODY
    9         | FUNCTION IDENT SEMICOLON BEGIN_PARAMS declarations . error BEGIN_LOCALS declarations END_LOCALS BEGIN_BODY statements END_BODY
   10         | FUNCTION IDENT SEMICOLON BEGIN_PARAMS declarations . END_PARAMS error declarations END_LOCALS BEGIN_BODY statements END_BODY
   11         | FUNCTION IDENT SEMICOLON BEGIN_PARAMS declarations . END_PARAMS BEGIN_LOCALS declarations error BEGIN_BODY statements END_BODY
   12         | FUNCTION IDENT SEMICOLON BEGIN_PARAMS declarations . END_PARAMS BEGIN_LOCALS declarations END_LOCALS error statements END_BODY
   13         | FUNCTION IDENT SEMICOLON BEGIN_PARAMS declarations . END_PARAMS BEGIN_LOCALS declarations END_LOCALS BEGIN_BODY error END_BODY
   14         | FUNCTION IDENT SEMICOLON BEGIN_PARAMS declarations . END_PARAMS BEGIN_LOCALS declarations END_LOCALS BEGIN_BODY statements error

    error       shift, and go to state 35
    END_PARAMS  shift, and go to state 36


State 28

   21 ident: IDENT COMMA . ident

    IDENT  shift, and go to state 20

    ident  go to state 37


State 29

    5 function: error IDENT SEMICOLON BEGIN_PARAMS declarations END_PARAMS . BEGIN_LOCALS declarations END_LOCALS BEGIN_BODY statements END_BODY

    BEGIN_LOCALS  shift, and go to state 38


State 30

   16 declarations: declaration SEMICOLON . declarations

    IDENT  shift, and go to state 20

    $default  reduce using rule 15 (declarations)

    declarations  go to state 39
    declaration   go to state 22
    ident         go to state 23


State 31

   17 declaration: ident COLON . INTEGER
   18            | ident COLON . ARRAY L_SQUARE_BRACKET NUMBER R_SQUARE_BRACKET OF INTEGER
   19            | ident COLON . ARRAY L_SQUARE_BRACKET NUMBER R_SQUARE_BRACKET L_SQUARE_BRACKET NUMBER R_SQUARE_BRACKET OF INTEGER

    INTEGER  shift, and go to state 40
    ARRAY    shift, and go to state 41


State 32

    6 function: FUNCTION error SEMICOLON BEGIN_PARAMS declarations END_PARAMS . BEGIN_LOCALS declarations END_LOCALS BEGIN_BODY statements END_BODY

    BEGIN_LOCALS  shift, and go to state 42


State 33

    7 function: FUNCTION IDENT error BEGIN_PARAMS declarations END_PARAMS . BEGIN_LOCALS declarations END_LOCALS BEGIN_BODY statements END_BODY

    BEGIN_LOCALS  shift, and go to state 43


State 34

    8 function: FUNCTION IDENT SEMICOLON error declarations END_PARAMS . BEGIN_LOCALS declarations END_LOCALS BEGIN_BODY statements END_BODY

    BEGIN_LOCALS  shift, and go to state 44


State 35

    9 function: FUNCTION IDENT SEMICOLON BEGIN_PARAMS declarations error . BEGIN_LOCALS declarations END_LOCALS BEGIN_BODY statements END_BODY

    BEGIN_LOCALS  shift, and go to state 45


State 36

    4 function: FUNCTION IDENT SEMICOLON BEGIN_PARAMS declarations END_PARAMS . BEGIN_LOCALS declarations END_LOCALS BEGIN_BODY statements END_BODY
   10         | FUNCTION IDENT SEMICOLON BEGIN_PARAMS declarations END_PARAMS . error declarations END_LOCALS BEGIN_BODY statements END_BODY
   11         | FUNCTION IDENT SEMICOLON BEGIN_PARAMS declarations END_PARAMS . BEGIN_LOCALS declarations error BEGIN_BODY statements END_BODY
   12         | FUNCTION IDENT SEMICOLON BEGIN_PARAMS declarations END_PARAMS . BEGIN_LOCALS declarations END_LOCALS error statements END_BODY
   13         | FUNCTION IDENT SEMICOLON BEGIN_PARAMS declarations END_PARAMS . BEGIN_LOCALS declarations END_LOCALS BEGIN_BODY error END_BODY
   14         | FUNCTION IDENT SEMICOLON BEGIN_PARAMS declarations END_PARAMS . BEGIN_LOCALS declarations END_LOCALS BEGIN_BODY statements error

    error         shift, and go to state 46
    BEGIN_LOCALS  shift, and go to state 47


State 37

   21 ident: IDENT COMMA ident .

    $default  reduce using rule 21 (ident)


State 38

    5 function: error IDENT SEMICOLON BEGIN_PARAMS declarations END_PARAMS BEGIN_LOCALS . declarations END_LOCALS BEGIN_BODY statements END_BODY

    IDENT  shift, and go to state 20

    $default  reduce using rule 15 (declarations)

    declarations  go to state 48
    declaration   go to state 22
    ident         go to state 23


State 39

   16 declarations: declaration SEMICOLON declarations .

    $default  reduce using rule 16 (declarations)


State 40

   17 declaration: ident COLON INTEGER .

    $default  reduce using rule 17 (declaration)


State 41

   18 declaration: ident COLON ARRAY . L_SQUARE_BRACKET NUMBER R_SQUARE_BRACKET OF INTEGER
   19            | ident COLON ARRAY . L_SQUARE_BRACKET NUMBER R_SQUARE_BRACKET L_SQUARE_BRACKET NUMBER R_SQUARE_BRACKET OF INTEGER

    L_SQUARE_BRACKET  shift, and go to state 49


State 42

    6 function: FUNCTION error SEMICOLON BEGIN_PARAMS declarations END_PARAMS BEGIN_LOCALS . declarations END_LOCALS BEGIN_BODY statements END_BODY

    IDENT  shift, and go to state 20

    $default  reduce using rule 15 (declarations)

    declarations  go to state 50
    declaration   go to state 22
    ident         go to state 23


State 43

    7 function: FUNCTION IDENT error BEGIN_PARAMS declarations END_PARAMS BEGIN_LOCALS . declarations END_LOCALS BEGIN_BODY statements END_BODY

    IDENT  shift, and go to state 20

    $default  reduce using rule 15 (declarations)

    declarations  go to state 51
    declaration   go to state 22
    ident         go to state 23


State 44

    8 function: FUNCTION IDENT SEMICOLON error declarations END_PARAMS BEGIN_LOCALS . declarations END_LOCALS BEGIN_BODY statements END_BODY

    IDENT  shift, and go to state 20

    $default  reduce using rule 15 (declarations)

    declarations  go to state 52
    declaration   go to state 22
    ident         go to state 23


State 45

    9 function: FUNCTION IDENT SEMICOLON BEGIN_PARAMS declarations error BEGIN_LOCALS . declarations END_LOCALS BEGIN_BODY statements END_BODY

    IDENT  shift, and go to state 20

    $default  reduce using rule 15 (declarations)

    declarations  go to state 53
    declaration   go to state 22
    ident         go to state 23


State 46

   10 function: FUNCTION IDENT SEMICOLON BEGIN_PARAMS declarations END_PARAMS error . declarations END_LOCALS BEGIN_BODY statements END_BODY

    IDENT  shift, and go to state 20

    $default  reduce using rule 15 (declarations)

    declarations  go to state 54
    declaration   go to state 22
    ident         go to state 23


State 47

    4 function: FUNCTION IDENT SEMICOLON BEGIN_PARAMS declarations END_PARAMS BEGIN_LOCALS . declarations END_LOCALS BEGIN_BODY statements END_BODY
   11         | FUNCTION IDENT SEMICOLON BEGIN_PARAMS declarations END_PARAMS BEGIN_LOCALS . declarations error BEGIN_BODY statements END_BODY
   12         | FUNCTION IDENT SEMICOLON BEGIN_PARAMS declarations END_PARAMS BEGIN_LOCALS . declarations END_LOCALS error statements END_BODY
   13         | FUNCTION IDENT SEMICOLON BEGIN_PARAMS declarations END_PARAMS BEGIN_LOCALS . declarations END_LOCALS BEGIN_BODY error END_BODY
   14         | FUNCTION IDENT SEMICOLON BEGIN_PARAMS declarations END_PARAMS BEGIN_LOCALS . declarations END_LOCALS BEGIN_BODY statements error

    IDENT  shift, and go to state 20

    $default  reduce using rule 15 (declarations)

    declarations  go to state 55
    declaration   go to state 22
    ident         go to state 23


State 48

    5 function: error IDENT SEMICOLON BEGIN_PARAMS declarations END_PARAMS BEGIN_LOCALS declarations . END_LOCALS BEGIN_BODY statements END_BODY

    END_LOCALS  shift, and go to state 56


State 49

   18 declaration: ident COLON ARRAY L_SQUARE_BRACKET . NUMBER R_SQUARE_BRACKET OF INTEGER
   19            | ident COLON ARRAY L_SQUARE_BRACKET . NUMBER R_SQUARE_BRACKET L_SQUARE_BRACKET NUMBER R_SQUARE_BRACKET OF INTEGER

    NUMBER  shift, and go to state 57


State 50

    6 function: FUNCTION error SEMICOLON BEGIN_PARAMS declarations END_PARAMS BEGIN_LOCALS declarations . END_LOCALS BEGIN_BODY statements END_BODY

    END_LOCALS  shift, and go to state 58


State 51

    7 function: FUNCTION IDENT error BEGIN_PARAMS declarations END_PARAMS BEGIN_LOCALS declarations . END_LOCALS BEGIN_BODY statements END_BODY

    END_LOCALS  shift, and go to state 59


State 52

    8 function: FUNCTION IDENT SEMICOLON error declarations END_PARAMS BEGIN_LOCALS declarations . END_LOCALS BEGIN_BODY statements END_BODY

    END_LOCALS  shift, and go to state 60


State 53

    9 function: FUNCTION IDENT SEMICOLON BEGIN_PARAMS declarations error BEGIN_LOCALS declarations . END_LOCALS BEGIN_BODY statements END_BODY

    END_LOCALS  shift, and go to state 61


State 54

   10 function: FUNCTION IDENT SEMICOLON BEGIN_PARAMS declarations END_PARAMS error declarations . END_LOCALS BEGIN_BODY statements END_BODY

    END_LOCALS  shift, and go to state 62


State 55

    4 function: FUNCTION IDENT SEMICOLON BEGIN_PARAMS declarations END_PARAMS BEGIN_LOCALS declarations . END_LOCALS BEGIN_BODY statements END_BODY
   11         | FUNCTION IDENT SEMICOLON BEGIN_PARAMS declarations END_PARAMS BEGIN_LOCALS declarations . error BEGIN_BODY statements END_BODY
   12         | FUNCTION IDENT SEMICOLON BEGIN_PARAMS declarations END_PARAMS BEGIN_LOCALS declarations . END_LOCALS error statements END_BODY
   13         | FUNCTION IDENT SEMICOLON BEGIN_PARAMS declarations END_PARAMS BEGIN_LOCALS declarations . END_LOCALS BEGIN_BODY error END_BODY
   14         | FUNCTION IDENT SEMICOLON BEGIN_PARAMS declarations END_PARAMS BEGIN_LOCALS declarations . END_LOCALS BEGIN_BODY statements error

    error       shift, and go to state 63
    END_LOCALS  shift, and go to state 64


State 56

    5 function: error IDENT SEMICOLON BEGIN_PARAMS declarations END_PARAMS BEGIN_LOCALS declarations END_LOCALS . BEGIN_BODY statements END_BODY

    BEGIN_BODY  shift, and go to state 65


State 57

   18 declaration: ident COLON ARRAY L_SQUARE_BRACKET NUMBER . R_SQUARE_BRACKET OF INTEGER
   19            | ident COLON ARRAY L_SQUARE_BRACKET NUMBER . R_SQUARE_BRACKET L_SQUARE_BRACKET NUMBER R_SQUARE_BRACKET OF INTEGER

    R_SQUARE_BRACKET  shift, and go to state 66


State 58

    6 function: FUNCTION error SEMICOLON BEGIN_PARAMS declarations END_PARAMS BEGIN_LOCALS declarations END_LOCALS . BEGIN_BODY statements END_BODY

    BEGIN_BODY  shift, and go to state 67


State 59

    7 function: FUNCTION IDENT error BEGIN_PARAMS declarations END_PARAMS BEGIN_LOCALS declarations END_LOCALS . BEGIN_BODY statements END_BODY

    BEGIN_BODY  shift, and go to state 68


State 60

    8 function: FUNCTION IDENT SEMICOLON error declarations END_PARAMS BEGIN_LOCALS declarations END_LOCALS . BEGIN_BODY statements END_BODY

    BEGIN_BODY  shift, and go to state 69


State 61

    9 function: FUNCTION IDENT SEMICOLON BEGIN_PARAMS declarations error BEGIN_LOCALS declarations END_LOCALS . BEGIN_BODY statements END_BODY

    BEGIN_BODY  shift, and go to state 70


State 62

   10 function: FUNCTION IDENT SEMICOLON BEGIN_PARAMS declarations END_PARAMS error declarations END_LOCALS . BEGIN_BODY statements END_BODY

    BEGIN_BODY  shift, and go to state 71


State 63

   11 function: FUNCTION IDENT SEMICOLON BEGIN_PARAMS declarations END_PARAMS BEGIN_LOCALS declarations error . BEGIN_BODY statements END_BODY

    BEGIN_BODY  shift, and go to state 72


State 64

    4 function: FUNCTION IDENT SEMICOLON BEGIN_PARAMS declarations END_PARAMS BEGIN_LOCALS declarations END_LOCALS . BEGIN_BODY statements END_BODY
   12         | FUNCTION IDENT SEMICOLON BEGIN_PARAMS declarations END_PARAMS BEGIN_LOCALS declarations END_LOCALS . error statements END_BODY
   13         | FUNCTION IDENT SEMICOLON BEGIN_PARAMS declarations END_PARAMS BEGIN_LOCALS declarations END_LOCALS . BEGIN_BODY error END_BODY
   14         | FUNCTION IDENT SEMICOLON BEGIN_PARAMS declarations END_PARAMS BEGIN_LOCALS declarations END_LOCALS . BEGIN_BODY statements error

    error       shift, and go to state 73
    BEGIN_BODY  shift, and go to state 74


State 65

    5 function: error IDENT SEMICOLON BEGIN_PARAMS declarations END_PARAMS BEGIN_LOCALS declarations END_LOCALS BEGIN_BODY . statements END_BODY

    READ      shift, and go to state 75
    WRITE     shift, and go to state 76
    FOR       shift, and go to state 77
    CONTINUE  shift, and go to state 78
    IF        shift, and go to state 79
    WHILE     shift, and go to state 80
    DO        shift, and go to state 81
    RETURN    shift, and go to state 82
    IDENT     shift, and go to state 83

    statements  go to state 84
    statement   go to state 85
    var         go to state 86


State 66

   18 declaration: ident COLON ARRAY L_SQUARE_BRACKET NUMBER R_SQUARE_BRACKET . OF INTEGER
   19            | ident COLON ARRAY L_SQUARE_BRACKET NUMBER R_SQUARE_BRACKET . L_SQUARE_BRACKET NUMBER R_SQUARE_BRACKET OF INTEGER

    L_SQUARE_BRACKET  shift, and go to state 87
    OF                shift, and go to state 88


State 67

    6 function: FUNCTION error SEMICOLON BEGIN_PARAMS declarations END_PARAMS BEGIN_LOCALS declarations END_LOCALS BEGIN_BODY . statements END_BODY

    READ      shift, and go to state 75
    WRITE     shift, and go to state 76
    FOR       shift, and go to state 77
    CONTINUE  shift, and go to state 78
    IF        shift, and go to state 79
    WHILE     shift, and go to state 80
    DO        shift, and go to state 81
    RETURN    shift, and go to state 82
    IDENT     shift, and go to state 83

    statements  go to state 89
    statement   go to state 85
    var         go to state 86


State 68

    7 function: FUNCTION IDENT error BEGIN_PARAMS declarations END_PARAMS BEGIN_LOCALS declarations END_LOCALS BEGIN_BODY . statements END_BODY

    READ      shift, and go to state 75
    WRITE     shift, and go to state 76
    FOR       shift, and go to state 77
    CONTINUE  shift, and go to state 78
    IF        shift, and go to state 79
    WHILE     shift, and go to state 80
    DO        shift, and go to state 81
    RETURN    shift, and go to state 82
    IDENT     shift, and go to state 83

    statements  go to state 90
    statement   go to state 85
    var         go to state 86


State 69

    8 function: FUNCTION IDENT SEMICOLON error declarations END_PARAMS BEGIN_LOCALS declarations END_LOCALS BEGIN_BODY . statements END_BODY

    READ      shift, and go to state 75
    WRITE     shift, and go to state 76
    FOR       shift, and go to state 77
    CONTINUE  shift, and go to state 78
    IF        shift, and go to state 79
    WHILE     shift, and go to state 80
    DO        shift, and go to state 81
    RETURN    shift, and go to state 82
    IDENT     shift, and go to state 83

    statements  go to state 91
    statement   go to state 85
    var         go to state 86


State 70

    9 function: FUNCTION IDENT SEMICOLON BEGIN_PARAMS declarations error BEGIN_LOCALS declarations END_LOCALS BEGIN_BODY . statements END_BODY

    READ      shift, and go to state 75
    WRITE     shift, and go to state 76
    FOR       shift, and go to state 77
    CONTINUE  shift, and go to state 78
    IF        shift, and go to state 79
    WHILE     shift, and go to state 80
    DO        shift, and go to state 81
    RETURN    shift, and go to state 82
    IDENT     shift, and go to state 83

    statements  go to state 92
    statement   go to state 85
    var         go to state 86


State 71

   10 function: FUNCTION IDENT SEMICOLON BEGIN_PARAMS declarations END_PARAMS error declarations END_LOCALS BEGIN_BODY . statements END_BODY

    READ      shift, and go to state 75
    WRITE     shift, and go to state 76
    FOR       shift, and go to state 77
    CONTINUE  shift, and go to state 78
    IF        shift, and go to state 79
    WHILE     shift, and go to state 80
    DO        shift, and go to state 81
    RETURN    shift, and go to state 82
    IDENT     shift, and go to state 83

    statements  go to state 93
    statement   go to state 85
    var         go to state 86


State 72

   11 function: FUNCTION IDENT SEMICOLON BEGIN_PARAMS declarations END_PARAMS BEGIN_LOCALS declarations error BEGIN_BODY . statements END_BODY

    READ      shift, and go to state 75
    WRITE     shift, and go to state 76
    FOR       shift, and go to state 77
    CONTINUE  shift, and go to state 78
    IF        shift, and go to state 79
    WHILE     shift, and go to state 80
    DO        shift, and go to state 81
    RETURN    shift, and go to state 82
    IDENT     shift, and go to state 83

    statements  go to state 94
    statement   go to state 85
    var         go to state 86


State 73

   12 function: FUNCTION IDENT SEMICOLON BEGIN_PARAMS declarations END_PARAMS BEGIN_LOCALS declarations END_LOCALS error . statements END_BODY

    READ      shift, and go to state 75
    WRITE     shift, and go to state 76
    FOR       shift, and go to state 77
    CONTINUE  shift, and go to state 78
    IF        shift, and go to state 79
    WHILE     shift, and go to state 80
    DO        shift, and go to state 81
    RETURN    shift, and go to state 82
    IDENT     shift, and go to state 83

    statements  go to state 95
    statement   go to state 85
    var         go to state 86


State 74

    4 function: FUNCTION IDENT SEMICOLON BEGIN_PARAMS declarations END_PARAMS BEGIN_LOCALS declarations END_LOCALS BEGIN_BODY . statements END_BODY
   13         | FUNCTION IDENT SEMICOLON BEGIN_PARAMS declarations END_PARAMS BEGIN_LOCALS declarations END_LOCALS BEGIN_BODY . error END_BODY
   14         | FUNCTION IDENT SEMICOLON BEGIN_PARAMS declarations END_PARAMS BEGIN_LOCALS declarations END_LOCALS BEGIN_BODY . statements error

    error     shift, and go to state 96
    READ      shift, and go to state 75
    WRITE     shift, and go to state 76
    FOR       shift, and go to state 77
    CONTINUE  shift, and go to state 78
    IF        shift, and go to state 79
    WHILE     shift, and go to state 80
    DO        shift, and go to state 81
    RETURN    shift, and go to state 82
    IDENT     shift, and go to state 83

    statements  go to state 97
    statement   go to state 85
    var         go to state 86


State 75

   30 statement: READ . vars

    IDENT  shift, and go to state 83

    var   go to state 98
    vars  go to state 99


State 76

   31 statement: WRITE . vars

    IDENT  shift, and go to state 83

    var   go to state 98
    vars  go to state 100


State 77

   29 statement: FOR . vars ASSIGN NUMBER SEMICOLON bool_expression SEMICOLON vars ASSIGN expressions BEGINLOOP statements ENDLOOP

    IDENT  shift, and go to state 83

    var   go to state 98
    vars  go to state 101


State 78

   32 statement: CONTINUE .

    $default  reduce using rule 32 (statement)


State 79

   25 statement: IF . bool_expression THEN statements ENDIF
   26          | IF . bool_expression THEN statements ELSE statements ENDIF

    MINUS    shift, and go to state 102
    L_PAREN  shift, and go to state 103
    NOT      shift, and go to state 104
    TRUE     shift, and go to state 105
    FALSE    shift, and go to state 106
    IDENT    shift, and go to state 107
    NUMBER   shift, and go to state 108

    ident                      go to state 109
    bool_expression            go to state 110
    relation_and_expression    go to state 111
    relation_expression        go to state 112
    var                        go to state 113
    expression                 go to state 114
    expressions                go to state 115
    multiplicative_expression  go to state 116
    term                       go to state 117


State 80

   27 statement: WHILE . bool_expression BEGINLOOP statements ENDLOOP

    MINUS    shift, and go to state 102
    L_PAREN  shift, and go to state 103
    NOT      shift, and go to state 104
    TRUE     shift, and go to state 105
    FALSE    shift, and go to state 106
    IDENT    shift, and go to state 107
    NUMBER   shift, and go to state 108

    ident                      go to state 109
    bool_expression            go to state 118
    relation_and_expression    go to state 111
    relation_expression        go to state 112
    var                        go to state 113
    expression                 go to state 114
    expressions                go to state 115
    multiplicative_expression  go to state 116
    term                       go to state 117


State 81

   28 statement: DO . BEGINLOOP statements ENDLOOP WHILE bool_expression

    BEGINLOOP  shift, and go to state 119


State 82

   33 statement: RETURN . expressions

    MINUS    shift, and go to state 102
    L_PAREN  shift, and go to state 120
    IDENT    shift, and go to state 107
    NUMBER   shift, and go to state 108

    ident                      go to state 109
    var                        go to state 113
    expression                 go to state 114
    expressions                go to state 121
    multiplicative_expression  go to state 116
    term                       go to state 117


State 83

   52 var: IDENT .
   53    | IDENT . L_SQUARE_BRACKET expression R_SQUARE_BRACKET
   54    | IDENT . L_SQUARE_BRACKET expression R_SQUARE_BRACKET L_SQUARE_BRACKET expression R_SQUARE_BRACKET

    L_SQUARE_BRACKET  shift, and go to state 122

    $default  reduce using rule 52 (var)


State 84

    5 function: error IDENT SEMICOLON BEGIN_PARAMS declarations END_PARAMS BEGIN_LOCALS declarations END_LOCALS BEGIN_BODY statements . END_BODY

    END_BODY  shift, and go to state 123


State 85

   22 statements: statement . SEMICOLON
   23           | statement . SEMICOLON statements

    SEMICOLON  shift, and go to state 124


State 86

   24 statement: var . ASSIGN expressions

    ASSIGN  shift, and go to state 125


State 87

   19 declaration: ident COLON ARRAY L_SQUARE_BRACKET NUMBER R_SQUARE_BRACKET L_SQUARE_BRACKET . NUMBER R_SQUARE_BRACKET OF INTEGER

    NUMBER  shift, and go to state 126


State 88

   18 declaration: ident COLON ARRAY L_SQUARE_BRACKET NUMBER R_SQUARE_BRACKET OF . INTEGER

    INTEGER  shift, and go to state 127


State 89

    6 function: FUNCTION error SEMICOLON BEGIN_PARAMS declarations END_PARAMS BEGIN_LOCALS declarations END_LOCALS BEGIN_BODY statements . END_BODY

    END_BODY  shift, and go to state 128


State 90

    7 function: FUNCTION IDENT error BEGIN_PARAMS declarations END_PARAMS BEGIN_LOCALS declarations END_LOCALS BEGIN_BODY statements . END_BODY

    END_BODY  shift, and go to state 129


State 91

    8 function: FUNCTION IDENT SEMICOLON error declarations END_PARAMS BEGIN_LOCALS declarations END_LOCALS BEGIN_BODY statements . END_BODY

    END_BODY  shift, and go to state 130


State 92

    9 function: FUNCTION IDENT SEMICOLON BEGIN_PARAMS declarations error BEGIN_LOCALS declarations END_LOCALS BEGIN_BODY statements . END_BODY

    END_BODY  shift, and go to state 131


State 93

   10 function: FUNCTION IDENT SEMICOLON BEGIN_PARAMS declarations END_PARAMS error declarations END_LOCALS BEGIN_BODY statements . END_BODY

    END_BODY  shift, and go to state 132


State 94

   11 function: FUNCTION IDENT SEMICOLON BEGIN_PARAMS declarations END_PARAMS BEGIN_LOCALS declarations error BEGIN_BODY statements . END_BODY

    END_BODY  shift, and go to state 133


State 95

   12 function: FUNCTION IDENT SEMICOLON BEGIN_PARAMS declarations END_PARAMS BEGIN_LOCALS declarations END_LOCALS error statements . END_BODY

    END_BODY  shift, and go to state 134


State 96

   13 function: FUNCTION IDENT SEMICOLON BEGIN_PARAMS declarations END_PARAMS BEGIN_LOCALS declarations END_LOCALS BEGIN_BODY error . END_BODY

    END_BODY  shift, and go to state 135


State 97

    4 function: FUNCTION IDENT SEMICOLON BEGIN_PARAMS declarations END_PARAMS BEGIN_LOCALS declarations END_LOCALS BEGIN_BODY statements . END_BODY
   14         | FUNCTION IDENT SEMICOLON BEGIN_PARAMS declarations END_PARAMS BEGIN_LOCALS declarations END_LOCALS BEGIN_BODY statements . error

    error     shift, and go to state 136
    END_BODY  shift, and go to state 137


State 98

   55 vars: var .
   56     | var . COMMA vars

    COMMA  shift, and go to state 138

    $default  reduce using rule 55 (vars)


State 99

   30 statement: READ vars .

    $default  reduce using rule 30 (statement)


State 100

   31 statement: WRITE vars .

    $default  reduce using rule 31 (statement)


State 101

   29 statement: FOR vars . ASSIGN NUMBER SEMICOLON bool_expression SEMICOLON vars ASSIGN expressions BEGINLOOP statements ENDLOOP

    ASSIGN  shift, and go to state 139


State 102

   69 term: MINUS . var
   70     | MINUS . NUMBER
   71     | MINUS . L_PAREN expressions R_PAREN

    L_PAREN  shift, and go to state 140
    IDENT    shift, and go to state 83
    NUMBER   shift, and go to state 141

    var  go to state 142


State 103

   45 relation_expression: L_PAREN . bool_expression R_PAREN
   68 term: L_PAREN . expressions R_PAREN

    MINUS    shift, and go to state 102
    L_PAREN  shift, and go to state 103
    NOT      shift, and go to state 104
    TRUE     shift, and go to state 105
    FALSE    shift, and go to state 106
    IDENT    shift, and go to state 107
    NUMBER   shift, and go to state 108

    ident                      go to state 109
    bool_expression            go to state 143
    relation_and_expression    go to state 111
    relation_expression        go to state 112
    var                        go to state 113
    expression                 go to state 114
    expressions                go to state 144
    multiplicative_expression  go to state 116
    term                       go to state 117


State 104

   38 relation_expression: NOT . expressions comp expressions
   39                    | NOT . TRUE
   40                    | NOT . FALSE
   41                    | NOT . L_PAREN bool_expression R_PAREN

    MINUS    shift, and go to state 102
    L_PAREN  shift, and go to state 145
    TRUE     shift, and go to state 146
    FALSE    shift, and go to state 147
    IDENT    shift, and go to state 107
    NUMBER   shift, and go to state 108

    ident                      go to state 109
    var                        go to state 113
    expression                 go to state 114
    expressions                go to state 148
    multiplicative_expression  go to state 116
    term                       go to state 117


State 105

   43 relation_expression: TRUE .

    $default  reduce using rule 43 (relation_expression)


State 106

   44 relation_expression: FALSE .

    $default  reduce using rule 44 (relation_expression)


State 107

   20 ident: IDENT .
   21      | IDENT . COMMA ident
   52 var: IDENT .
   53    | IDENT . L_SQUARE_BRACKET expression R_SQUARE_BRACKET
   54    | IDENT . L_SQUARE_BRACKET expression R_SQUARE_BRACKET L_SQUARE_BRACKET expression R_SQUARE_BRACKET

    COMMA             shift, and go to state 28
    L_SQUARE_BRACKET  shift, and go to state 122

    L_PAREN   reduce using rule 20 (ident)
    $default  reduce using rule 52 (var)


State 108

   67 term: NUMBER .

    $default  reduce using rule 67 (term)


State 109

   65 term: ident . L_PAREN expressions R_PAREN

    L_PAREN  shift, and go to state 149


State 110

   25 statement: IF bool_expression . THEN statements ENDIF
   26          | IF bool_expression . THEN statements ELSE statements ENDIF

    THEN  shift, and go to state 150


State 111

   34 bool_expression: relation_and_expression .
   35                | relation_and_expression . OR relation_and_expression

    OR  shift, and go to state 151

    $default  reduce using rule 34 (bool_expression)


State 112

   36 relation_and_expression: relation_expression .
   37                        | relation_expression . AND relation_expression

    AND  shift, and go to state 152

    $default  reduce using rule 36 (relation_and_expression)


State 113

   66 term: var .

    $default  reduce using rule 66 (term)


State 114

   60 expressions: expression .

    $default  reduce using rule 60 (expressions)


State 115

   42 relation_expression: expressions . comp expressions

    EQ   shift, and go to state 153
    NEQ  shift, and go to state 154
    LT   shift, and go to state 155
    GT   shift, and go to state 156
    GTE  shift, and go to state 157
    LTE  shift, and go to state 158

    comp  go to state 159


State 116

   57 expression: multiplicative_expression .
   58           | multiplicative_expression . PLUS multiplicative_expression
   59           | multiplicative_expression . MINUS multiplicative_expression

    PLUS   shift, and go to state 160
    MINUS  shift, and go to state 161

    $default  reduce using rule 57 (expression)


State 117

   61 multiplicative_expression: term .
   62                          | term . MULT term
   63                          | term . DIV term
   64                          | term . PER term

    MULT  shift, and go to state 162
    DIV   shift, and go to state 163
    PER   shift, and go to state 164

    $default  reduce using rule 61 (multiplicative_expression)


State 118

   27 statement: WHILE bool_expression . BEGINLOOP statements ENDLOOP

    BEGINLOOP  shift, and go to state 165


State 119

   28 statement: DO BEGINLOOP . statements ENDLOOP WHILE bool_expression

    READ      shift, and go to state 75
    WRITE     shift, and go to state 76
    FOR       shift, and go to state 77
    CONTINUE  shift, and go to state 78
    IF        shift, and go to state 79
    WHILE     shift, and go to state 80
    DO        shift, and go to state 81
    RETURN    shift, and go to state 82
    IDENT     shift, and go to state 83

    statements  go to state 166
    statement   go to state 85
    var         go to state 86


State 120

   68 term: L_PAREN . expressions R_PAREN

    MINUS    shift, and go to state 102
    L_PAREN  shift, and go to state 120
    IDENT    shift, and go to state 107
    NUMBER   shift, and go to state 108

    ident                      go to state 109
    var                        go to state 113
    expression                 go to state 114
    expressions                go to state 167
    multiplicative_expression  go to state 116
    term                       go to state 117


State 121

   33 statement: RETURN expressions .

    $default  reduce using rule 33 (statement)


State 122

   53 var: IDENT L_SQUARE_BRACKET . expression R_SQUARE_BRACKET
   54    | IDENT L_SQUARE_BRACKET . expression R_SQUARE_BRACKET L_SQUARE_BRACKET expression R_SQUARE_BRACKET

    MINUS    shift, and go to state 102
    L_PAREN  shift, and go to state 120
    IDENT    shift, and go to state 107
    NUMBER   shift, and go to state 108

    ident                      go to state 109
    var                        go to state 113
    expression                 go to state 168
    multiplicative_expression  go to state 116
    term                       go to state 117


State 123

    5 function: error IDENT SEMICOLON BEGIN_PARAMS declarations END_PARAMS BEGIN_LOCALS declarations END_LOCALS BEGIN_BODY statements END_BODY .

    $default  reduce using rule 5 (function)


State 124

   22 statements: statement SEMICOLON .
   23           | statement SEMICOLON . statements

    READ      shift, and go to state 75
    WRITE     shift, and go to state 76
    FOR       shift, and go to state 77
    CONTINUE  shift, and go to state 78
    IF        shift, and go to state 79
    WHILE     shift, and go to state 80
    DO        shift, and go to state 81
    RETURN    shift, and go to state 82
    IDENT     shift, and go to state 83

    $default  reduce using rule 22 (statements)

    statements  go to state 169
    statement   go to state 85
    var         go to state 86


State 125

   24 statement: var ASSIGN . expressions

    MINUS    shift, and go to state 102
    L_PAREN  shift, and go to state 120
    IDENT    shift, and go to state 107
    NUMBER   shift, and go to state 108

    ident                      go to state 109
    var                        go to state 113
    expression                 go to state 114
    expressions                go to state 170
    multiplicative_expression  go to state 116
    term                       go to state 117


State 126

   19 declaration: ident COLON ARRAY L_SQUARE_BRACKET NUMBER R_SQUARE_BRACKET L_SQUARE_BRACKET NUMBER . R_SQUARE_BRACKET OF INTEGER

    R_SQUARE_BRACKET  shift, and go to state 171


State 127

   18 declaration: ident COLON ARRAY L_SQUARE_BRACKET NUMBER R_SQUARE_BRACKET OF INTEGER .

    $default  reduce using rule 18 (declaration)


State 128

    6 function: FUNCTION error SEMICOLON BEGIN_PARAMS declarations END_PARAMS BEGIN_LOCALS declarations END_LOCALS BEGIN_BODY statements END_BODY .

    $default  reduce using rule 6 (function)


State 129

    7 function: FUNCTION IDENT error BEGIN_PARAMS declarations END_PARAMS BEGIN_LOCALS declarations END_LOCALS BEGIN_BODY statements END_BODY .

    $default  reduce using rule 7 (function)


State 130

    8 function: FUNCTION IDENT SEMICOLON error declarations END_PARAMS BEGIN_LOCALS declarations END_LOCALS BEGIN_BODY statements END_BODY .

    $default  reduce using rule 8 (function)


State 131

    9 function: FUNCTION IDENT SEMICOLON BEGIN_PARAMS declarations error BEGIN_LOCALS declarations END_LOCALS BEGIN_BODY statements END_BODY .

    $default  reduce using rule 9 (function)


State 132

   10 function: FUNCTION IDENT SEMICOLON BEGIN_PARAMS declarations END_PARAMS error declarations END_LOCALS BEGIN_BODY statements END_BODY .

    $default  reduce using rule 10 (function)


State 133

   11 function: FUNCTION IDENT SEMICOLON BEGIN_PARAMS declarations END_PARAMS BEGIN_LOCALS declarations error BEGIN_BODY statements END_BODY .

    $default  reduce using rule 11 (function)


State 134

   12 function: FUNCTION IDENT SEMICOLON BEGIN_PARAMS declarations END_PARAMS BEGIN_LOCALS declarations END_LOCALS error statements END_BODY .

    $default  reduce using rule 12 (function)


State 135

   13 function: FUNCTION IDENT SEMICOLON BEGIN_PARAMS declarations END_PARAMS BEGIN_LOCALS declarations END_LOCALS BEGIN_BODY error END_BODY .

    $default  reduce using rule 13 (function)


State 136

   14 function: FUNCTION IDENT SEMICOLON BEGIN_PARAMS declarations END_PARAMS BEGIN_LOCALS declarations END_LOCALS BEGIN_BODY statements error .

    $default  reduce using rule 14 (function)


State 137

    4 function: FUNCTION IDENT SEMICOLON BEGIN_PARAMS declarations END_PARAMS BEGIN_LOCALS declarations END_LOCALS BEGIN_BODY statements END_BODY .

    $default  reduce using rule 4 (function)


State 138

   56 vars: var COMMA . vars

    IDENT  shift, and go to state 83

    var   go to state 98
    vars  go to state 172


State 139

   29 statement: FOR vars ASSIGN . NUMBER SEMICOLON bool_expression SEMICOLON vars ASSIGN expressions BEGINLOOP statements ENDLOOP

    NUMBER  shift, and go to state 173


State 140

   71 term: MINUS L_PAREN . expressions R_PAREN

    MINUS    shift, and go to state 102
    L_PAREN  shift, and go to state 120
    IDENT    shift, and go to state 107
    NUMBER   shift, and go to state 108

    ident                      go to state 109
    var                        go to state 113
    expression                 go to state 114
    expressions                go to state 174
    multiplicative_expression  go to state 116
    term                       go to state 117


State 141

   70 term: MINUS NUMBER .

    $default  reduce using rule 70 (term)


State 142

   69 term: MINUS var .

    $default  reduce using rule 69 (term)


State 143

   45 relation_expression: L_PAREN bool_expression . R_PAREN

    R_PAREN  shift, and go to state 175


State 144

   42 relation_expression: expressions . comp expressions
   68 term: L_PAREN expressions . R_PAREN

    R_PAREN  shift, and go to state 176
    EQ       shift, and go to state 153
    NEQ      shift, and go to state 154
    LT       shift, and go to state 155
    GT       shift, and go to state 156
    GTE      shift, and go to state 157
    LTE      shift, and go to state 158

    comp  go to state 159


State 145

   41 relation_expression: NOT L_PAREN . bool_expression R_PAREN
   68 term: L_PAREN . expressions R_PAREN

    MINUS    shift, and go to state 102
    L_PAREN  shift, and go to state 103
    NOT      shift, and go to state 104
    TRUE     shift, and go to state 105
    FALSE    shift, and go to state 106
    IDENT    shift, and go to state 107
    NUMBER   shift, and go to state 108

    ident                      go to state 109
    bool_expression            go to state 177
    relation_and_expression    go to state 111
    relation_expression        go to state 112
    var                        go to state 113
    expression                 go to state 114
    expressions                go to state 144
    multiplicative_expression  go to state 116
    term                       go to state 117


State 146

   39 relation_expression: NOT TRUE .

    $default  reduce using rule 39 (relation_expression)


State 147

   40 relation_expression: NOT FALSE .

    $default  reduce using rule 40 (relation_expression)


State 148

   38 relation_expression: NOT expressions . comp expressions

    EQ   shift, and go to state 153
    NEQ  shift, and go to state 154
    LT   shift, and go to state 155
    GT   shift, and go to state 156
    GTE  shift, and go to state 157
    LTE  shift, and go to state 158

    comp  go to state 178


State 149

   65 term: ident L_PAREN . expressions R_PAREN

    MINUS    shift, and go to state 102
    L_PAREN  shift, and go to state 120
    IDENT    shift, and go to state 107
    NUMBER   shift, and go to state 108

    ident                      go to state 109
    var                        go to state 113
    expression                 go to state 114
    expressions                go to state 179
    multiplicative_expression  go to state 116
    term                       go to state 117


State 150

   25 statement: IF bool_expression THEN . statements ENDIF
   26          | IF bool_expression THEN . statements ELSE statements ENDIF

    READ      shift, and go to state 75
    WRITE     shift, and go to state 76
    FOR       shift, and go to state 77
    CONTINUE  shift, and go to state 78
    IF        shift, and go to state 79
    WHILE     shift, and go to state 80
    DO        shift, and go to state 81
    RETURN    shift, and go to state 82
    IDENT     shift, and go to state 83

    statements  go to state 180
    statement   go to state 85
    var         go to state 86


State 151

   35 bool_expression: relation_and_expression OR . relation_and_expression

    MINUS    shift, and go to state 102
    L_PAREN  shift, and go to state 103
    NOT      shift, and go to state 104
    TRUE     shift, and go to state 105
    FALSE    shift, and go to state 106
    IDENT    shift, and go to state 107
    NUMBER   shift, and go to state 108

    ident                      go to state 109
    relation_and_expression    go to state 181
    relation_expression        go to state 112
    var                        go to state 113
    expression                 go to state 114
    expressions                go to state 115
    multiplicative_expression  go to state 116
    term                       go to state 117


State 152

   37 relation_and_expression: relation_expression AND . relation_expression

    MINUS    shift, and go to state 102
    L_PAREN  shift, and go to state 103
    NOT      shift, and go to state 104
    TRUE     shift, and go to state 105
    FALSE    shift, and go to state 106
    IDENT    shift, and go to state 107
    NUMBER   shift, and go to state 108

    ident                      go to state 109
    relation_expression        go to state 182
    var                        go to state 113
    expression                 go to state 114
    expressions                go to state 115
    multiplicative_expression  go to state 116
    term                       go to state 117


State 153

   46 comp: EQ .

    $default  reduce using rule 46 (comp)


State 154

   47 comp: NEQ .

    $default  reduce using rule 47 (comp)


State 155

   48 comp: LT .

    $default  reduce using rule 48 (comp)


State 156

   49 comp: GT .

    $default  reduce using rule 49 (comp)


State 157

   50 comp: GTE .

    $default  reduce using rule 50 (comp)


State 158

   51 comp: LTE .

    $default  reduce using rule 51 (comp)


State 159

   42 relation_expression: expressions comp . expressions

    MINUS    shift, and go to state 102
    L_PAREN  shift, and go to state 120
    IDENT    shift, and go to state 107
    NUMBER   shift, and go to state 108

    ident                      go to state 109
    var                        go to state 113
    expression                 go to state 114
    expressions                go to state 183
    multiplicative_expression  go to state 116
    term                       go to state 117


State 160

   58 expression: multiplicative_expression PLUS . multiplicative_expression

    MINUS    shift, and go to state 102
    L_PAREN  shift, and go to state 120
    IDENT    shift, and go to state 107
    NUMBER   shift, and go to state 108

    ident                      go to state 109
    var                        go to state 113
    multiplicative_expression  go to state 184
    term                       go to state 117


State 161

   59 expression: multiplicative_expression MINUS . multiplicative_expression

    MINUS    shift, and go to state 102
    L_PAREN  shift, and go to state 120
    IDENT    shift, and go to state 107
    NUMBER   shift, and go to state 108

    ident                      go to state 109
    var                        go to state 113
    multiplicative_expression  go to state 185
    term                       go to state 117


State 162

   62 multiplicative_expression: term MULT . term

    MINUS    shift, and go to state 102
    L_PAREN  shift, and go to state 120
    IDENT    shift, and go to state 107
    NUMBER   shift, and go to state 108

    ident  go to state 109
    var    go to state 113
    term   go to state 186


State 163

   63 multiplicative_expression: term DIV . term

    MINUS    shift, and go to state 102
    L_PAREN  shift, and go to state 120
    IDENT    shift, and go to state 107
    NUMBER   shift, and go to state 108

    ident  go to state 109
    var    go to state 113
    term   go to state 187


State 164

   64 multiplicative_expression: term PER . term

    MINUS    shift, and go to state 102
    L_PAREN  shift, and go to state 120
    IDENT    shift, and go to state 107
    NUMBER   shift, and go to state 108

    ident  go to state 109
    var    go to state 113
    term   go to state 188


State 165

   27 statement: WHILE bool_expression BEGINLOOP . statements ENDLOOP

    READ      shift, and go to state 75
    WRITE     shift, and go to state 76
    FOR       shift, and go to state 77
    CONTINUE  shift, and go to state 78
    IF        shift, and go to state 79
    WHILE     shift, and go to state 80
    DO        shift, and go to state 81
    RETURN    shift, and go to state 82
    IDENT     shift, and go to state 83

    statements  go to state 189
    statement   go to state 85
    var         go to state 86


State 166

   28 statement: DO BEGINLOOP statements . ENDLOOP WHILE bool_expression

    ENDLOOP  shift, and go to state 190


State 167

   68 term: L_PAREN expressions . R_PAREN

    R_PAREN  shift, and go to state 176


State 168

   53 var: IDENT L_SQUARE_BRACKET expression . R_SQUARE_BRACKET
   54    | IDENT L_SQUARE_BRACKET expression . R_SQUARE_BRACKET L_SQUARE_BRACKET expression R_SQUARE_BRACKET

    R_SQUARE_BRACKET  shift, and go to state 191


State 169

   23 statements: statement SEMICOLON statements .

    $default  reduce using rule 23 (statements)


State 170

   24 statement: var ASSIGN expressions .

    $default  reduce using rule 24 (statement)


State 171

   19 declaration: ident COLON ARRAY L_SQUARE_BRACKET NUMBER R_SQUARE_BRACKET L_SQUARE_BRACKET NUMBER R_SQUARE_BRACKET . OF INTEGER

    OF  shift, and go to state 192


State 172

   56 vars: var COMMA vars .

    $default  reduce using rule 56 (vars)


State 173

   29 statement: FOR vars ASSIGN NUMBER . SEMICOLON bool_expression SEMICOLON vars ASSIGN expressions BEGINLOOP statements ENDLOOP

    SEMICOLON  shift, and go to state 193


State 174

   71 term: MINUS L_PAREN expressions . R_PAREN

    R_PAREN  shift, and go to state 194


State 175

   45 relation_expression: L_PAREN bool_expression R_PAREN .

    $default  reduce using rule 45 (relation_expression)


State 176

   68 term: L_PAREN expressions R_PAREN .

    $default  reduce using rule 68 (term)


State 177

   41 relation_expression: NOT L_PAREN bool_expression . R_PAREN

    R_PAREN  shift, and go to state 195


State 178

   38 relation_expression: NOT expressions comp . expressions

    MINUS    shift, and go to state 102
    L_PAREN  shift, and go to state 120
    IDENT    shift, and go to state 107
    NUMBER   shift, and go to state 108

    ident                      go to state 109
    var                        go to state 113
    expression                 go to state 114
    expressions                go to state 196
    multiplicative_expression  go to state 116
    term                       go to state 117


State 179

   65 term: ident L_PAREN expressions . R_PAREN

    R_PAREN  shift, and go to state 197


State 180

   25 statement: IF bool_expression THEN statements . ENDIF
   26          | IF bool_expression THEN statements . ELSE statements ENDIF

    ENDIF  shift, and go to state 198
    ELSE   shift, and go to state 199


State 181

   35 bool_expression: relation_and_expression OR relation_and_expression .

    $default  reduce using rule 35 (bool_expression)


State 182

   37 relation_and_expression: relation_expression AND relation_expression .

    $default  reduce using rule 37 (relation_and_expression)


State 183

   42 relation_expression: expressions comp expressions .

    $default  reduce using rule 42 (relation_expression)


State 184

   58 expression: multiplicative_expression PLUS multiplicative_expression .

    $default  reduce using rule 58 (expression)


State 185

   59 expression: multiplicative_expression MINUS multiplicative_expression .

    $default  reduce using rule 59 (expression)


State 186

   62 multiplicative_expression: term MULT term .

    $default  reduce using rule 62 (multiplicative_expression)


State 187

   63 multiplicative_expression: term DIV term .

    $default  reduce using rule 63 (multiplicative_expression)


State 188

   64 multiplicative_expression: term PER term .

    $default  reduce using rule 64 (multiplicative_expression)


State 189

   27 statement: WHILE bool_expression BEGINLOOP statements . ENDLOOP

    ENDLOOP  shift, and go to state 200


State 190

   28 statement: DO BEGINLOOP statements ENDLOOP . WHILE bool_expression

    WHILE  shift, and go to state 201


State 191

   53 var: IDENT L_SQUARE_BRACKET expression R_SQUARE_BRACKET .
   54    | IDENT L_SQUARE_BRACKET expression R_SQUARE_BRACKET . L_SQUARE_BRACKET expression R_SQUARE_BRACKET

    L_SQUARE_BRACKET  shift, and go to state 202

    $default  reduce using rule 53 (var)


State 192

   19 declaration: ident COLON ARRAY L_SQUARE_BRACKET NUMBER R_SQUARE_BRACKET L_SQUARE_BRACKET NUMBER R_SQUARE_BRACKET OF . INTEGER

    INTEGER  shift, and go to state 203


State 193

   29 statement: FOR vars ASSIGN NUMBER SEMICOLON . bool_expression SEMICOLON vars ASSIGN expressions BEGINLOOP statements ENDLOOP

    MINUS    shift, and go to state 102
    L_PAREN  shift, and go to state 103
    NOT      shift, and go to state 104
    TRUE     shift, and go to state 105
    FALSE    shift, and go to state 106
    IDENT    shift, and go to state 107
    NUMBER   shift, and go to state 108

    ident                      go to state 109
    bool_expression            go to state 204
    relation_and_expression    go to state 111
    relation_expression        go to state 112
    var                        go to state 113
    expression                 go to state 114
    expressions                go to state 115
    multiplicative_expression  go to state 116
    term                       go to state 117


State 194

   71 term: MINUS L_PAREN expressions R_PAREN .

    $default  reduce using rule 71 (term)


State 195

   41 relation_expression: NOT L_PAREN bool_expression R_PAREN .

    $default  reduce using rule 41 (relation_expression)


State 196

   38 relation_expression: NOT expressions comp expressions .

    $default  reduce using rule 38 (relation_expression)


State 197

   65 term: ident L_PAREN expressions R_PAREN .

    $default  reduce using rule 65 (term)


State 198

   25 statement: IF bool_expression THEN statements ENDIF .

    $default  reduce using rule 25 (statement)


State 199

   26 statement: IF bool_expression THEN statements ELSE . statements ENDIF

    READ      shift, and go to state 75
    WRITE     shift, and go to state 76
    FOR       shift, and go to state 77
    CONTINUE  shift, and go to state 78
    IF        shift, and go to state 79
    WHILE     shift, and go to state 80
    DO        shift, and go to state 81
    RETURN    shift, and go to state 82
    IDENT     shift, and go to state 83

    statements  go to state 205
    statement   go to state 85
    var         go to state 86


State 200

   27 statement: WHILE bool_expression BEGINLOOP statements ENDLOOP .

    $default  reduce using rule 27 (statement)


State 201

   28 statement: DO BEGINLOOP statements ENDLOOP WHILE . bool_expression

    MINUS    shift, and go to state 102
    L_PAREN  shift, and go to state 103
    NOT      shift, and go to state 104
    TRUE     shift, and go to state 105
    FALSE    shift, and go to state 106
    IDENT    shift, and go to state 107
    NUMBER   shift, and go to state 108

    ident                      go to state 109
    bool_expression            go to state 206
    relation_and_expression    go to state 111
    relation_expression        go to state 112
    var                        go to state 113
    expression                 go to state 114
    expressions                go to state 115
    multiplicative_expression  go to state 116
    term                       go to state 117


State 202

   54 var: IDENT L_SQUARE_BRACKET expression R_SQUARE_BRACKET L_SQUARE_BRACKET . expression R_SQUARE_BRACKET

    MINUS    shift, and go to state 102
    L_PAREN  shift, and go to state 120
    IDENT    shift, and go to state 107
    NUMBER   shift, and go to state 108

    ident                      go to state 109
    var                        go to state 113
    expression                 go to state 207
    multiplicative_expression  go to state 116
    term                       go to state 117


State 203

   19 declaration: ident COLON ARRAY L_SQUARE_BRACKET NUMBER R_SQUARE_BRACKET L_SQUARE_BRACKET NUMBER R_SQUARE_BRACKET OF INTEGER .

    $default  reduce using rule 19 (declaration)


State 204

   29 statement: FOR vars ASSIGN NUMBER SEMICOLON bool_expression . SEMICOLON vars ASSIGN expressions BEGINLOOP statements ENDLOOP

    SEMICOLON  shift, and go to state 208


State 205

   26 statement: IF bool_expression THEN statements ELSE statements . ENDIF

    ENDIF  shift, and go to state 209


State 206

   28 statement: DO BEGINLOOP statements ENDLOOP WHILE bool_expression .

    $default  reduce using rule 28 (statement)


State 207

   54 var: IDENT L_SQUARE_BRACKET expression R_SQUARE_BRACKET L_SQUARE_BRACKET expression . R_SQUARE_BRACKET

    R_SQUARE_BRACKET  shift, and go to state 210


State 208

   29 statement: FOR vars ASSIGN NUMBER SEMICOLON bool_expression SEMICOLON . vars ASSIGN expressions BEGINLOOP statements ENDLOOP

    IDENT  shift, and go to state 83

    var   go to state 98
    vars  go to state 211


State 209

   26 statement: IF bool_expression THEN statements ELSE statements ENDIF .

    $default  reduce using rule 26 (statement)


State 210

   54 var: IDENT L_SQUARE_BRACKET expression R_SQUARE_BRACKET L_SQUARE_BRACKET expression R_SQUARE_BRACKET .

    $default  reduce using rule 54 (var)


State 211

   29 statement: FOR vars ASSIGN NUMBER SEMICOLON bool_expression SEMICOLON vars . ASSIGN expressions BEGINLOOP statements ENDLOOP

    ASSIGN  shift, and go to state 212


State 212

   29 statement: FOR vars ASSIGN NUMBER SEMICOLON bool_expression SEMICOLON vars ASSIGN . expressions BEGINLOOP statements ENDLOOP

    MINUS    shift, and go to state 102
    L_PAREN  shift, and go to state 120
    IDENT    shift, and go to state 107
    NUMBER   shift, and go to state 108

    ident                      go to state 109
    var                        go to state 113
    expression                 go to state 114
    expressions                go to state 213
    multiplicative_expression  go to state 116
    term                       go to state 117


State 213

   29 statement: FOR vars ASSIGN NUMBER SEMICOLON bool_expression SEMICOLON vars ASSIGN expressions . BEGINLOOP statements ENDLOOP

    BEGINLOOP  shift, and go to state 214


State 214

   29 statement: FOR vars ASSIGN NUMBER SEMICOLON bool_expression SEMICOLON vars ASSIGN expressions BEGINLOOP . statements ENDLOOP

    READ      shift, and go to state 75
    WRITE     shift, and go to state 76
    FOR       shift, and go to state 77
    CONTINUE  shift, and go to state 78
    IF        shift, and go to state 79
    WHILE     shift, and go to state 80
    DO        shift, and go to state 81
    RETURN    shift, and go to state 82
    IDENT     shift, and go to state 83

    statements  go to state 215
    statement   go to state 85
    var         go to state 86


State 215

   29 statement: FOR vars ASSIGN NUMBER SEMICOLON bool_expression SEMICOLON vars ASSIGN expressions BEGINLOOP statements . ENDLOOP

    ENDLOOP  shift, and go to state 216


State 216

   29 statement: FOR vars ASSIGN NUMBER SEMICOLON bool_expression SEMICOLON vars ASSIGN expressions BEGINLOOP statements ENDLOOP .

    $default  reduce using rule 29 (statement)
